[debug] [2026-05-12T14:00:31.658Z] : 
[debug] [2026-05-12T14:00:31.658Z] : ----------------------------------------------------------------------
[debug] [2026-05-12T14:00:31.658Z] : Command:      /usr/local/bin/node /usr/local/bin/catalyst serve
[debug] [2026-05-12T14:00:31.658Z] : CLI Version:  1.25.1
[debug] [2026-05-12T14:00:31.658Z] : Platform:     darwin
[debug] [2026-05-12T14:00:31.658Z] : Node Version: v24.15.0
[debug] [2026-05-12T14:00:31.658Z] : Time:         Tue May 12 2026 19:30:31 GMT+0530 (India Standard Time)
[debug] [2026-05-12T14:00:31.658Z] : ----------------------------------------------------------------------
[debug] [2026-05-12T14:00:31.659Z] : 
[debug] [2026-05-12T14:00:31.873Z] : > authorizing via signed-in user option
[debug] [2026-05-12T14:00:31.873Z] : > command requires scopes: ["ZohoCatalyst.projects.ALL","ZohoCatalyst.apigateway.apis.READ","ZohoCatalyst.apigateway.READ","ZohoCatalyst.segments.ALL","ZohoCatalyst.cache.READ","ZohoCatalyst.cache.CREATE","ZohoCatalyst.cache.DELETE","ZohoCatalyst.projects.ALL","ZohoCatalyst.cron.ALL","ZohoCatalyst.zcql.CREATE","ZohoCatalyst.projects.users.READ","ZohoCatalyst.projects.users.CREATE","ZohoCatalyst.projects.users.DELETE","ZohoCatalyst.projects.users.UPDATE","ZohoCatalyst.authentication.CREATE","ZohoCatalyst.email.CREATE","ZohoCatalyst.tables.ALL","ZohoCatalyst.tables.rows.ALL","ZohoCatalyst.tables.columns.ALL","ZohoCatalyst.tables.bulk.CREATE","ZohoCatalyst.tables.bulk.READ","ZohoCatalyst.folders.ALL","ZohoCatalyst.files.CREATE","ZohoCatalyst.files.READ","ZohoCatalyst.files.DELETE","ZohoCatalyst.functions.ALL","ZohoCatalyst.functions.EXECUTE","ZohoCatalyst.eventlistners.ALL","ZohoCatalyst.eventlisteners.produce","ZohoCatalyst.security.rules.Read","ZohoCatalyst.security.rules.Update","ZohoCatalyst.notifications.mobile","ZohoCatalyst.notifications.web","ZohoCatalyst.search.READ","ZohoCatalyst.mlkit.READ","QuickML.deployment.READ","ZohoCatalyst.pdfshot.execute","ZohoCatalyst.grid.READ","ZohoCatalyst.grid.terminate","ZohoCatalyst.circuits.execution.DELETE","ZohoCatalyst.circuits.execution.READ","ZohoCatalyst.circuits.execute","ZohoCatalyst.appsail.Read","ZohoCatalyst.jobpool.READ","ZohoCatalyst.job.ALL","ZohoCatalyst.nosql.READ","ZohoCatalyst.nosql.rows.ALL"]
[debug] [2026-05-12T14:00:31.875Z] : >>>> HTTP REQUEST : GET https://api.catalyst.zoho.in/baas/v1/project/17682000001622487 

[debug] [2026-05-12T14:00:32.055Z] : <<<< HTTP RESPONSE : 200
Response Headers: {"server":"ZGS","date":"Tue, 12 May 2026 14:00:32 GMT","content-type":"application/vnd.catalyst.v2+json","transfer-encoding":"chunked","connection":"keep-alive","x-content-type-options":"nosniff","cache-control":"private,no-cache,no-store,max-age=0,must-revalidate","pragma":"no-cache","expires":"Thu, 01 Jan 1970 00:00:00 GMT","x-frame-options":"DENY","strict-transport-security":"max-age=64072000; includeSubDomains; preload"}

[debug] [2026-05-12T14:00:32.058Z] : >>>> HTTP REQUEST : GET https://api.catalyst.zoho.in/baas/v1/project/17682000001622487/environment 

[debug] [2026-05-12T14:00:32.100Z] : <<<< HTTP RESPONSE : 200
Response Headers: {"server":"ZGS","date":"Tue, 12 May 2026 14:00:32 GMT","content-type":"application/vnd.catalyst.v2+json","transfer-encoding":"chunked","connection":"keep-alive","x-content-type-options":"nosniff","cache-control":"private,no-cache,no-store,max-age=0,must-revalidate","pragma":"no-cache","expires":"Thu, 01 Jan 1970 00:00:00 GMT","x-frame-options":"DENY","strict-transport-security":"max-age=64072000; includeSubDomains; preload"}

[debug] [2026-05-12T14:00:32.144Z] : >>>> HTTP REQUEST : GET https://api.catalyst.zoho.in/baas/get-details 
Query params: {"feature_name":"runtime"}

[debug] [2026-05-12T14:00:32.172Z] : <<<< HTTP RESPONSE : 200
Response Headers: {"server":"ZGS","date":"Tue, 12 May 2026 14:00:32 GMT","content-type":"application/vnd.catalyst.v2+json","transfer-encoding":"chunked","connection":"keep-alive","x-content-type-options":"nosniff","cache-control":"private,no-cache,no-store,max-age=0,must-revalidate","pragma":"no-cache","expires":"Thu, 01 Jan 1970 00:00:00 GMT","x-frame-options":"DENY","strict-transport-security":"max-age=64072000; includeSubDomains; preload"}

[debug] [2026-05-12T14:00:32.173Z] : >>>> HTTP REQUEST : GET https://api.catalyst.zoho.in/baas/v1/project/17682000001622487/function 
Query params: {"type":"basicio,event,cron,applogic,integration,browser_logic,job"}

[debug] [2026-05-12T14:00:32.228Z] : <<<< HTTP RESPONSE : 200
Response Headers: {"server":"ZGS","date":"Tue, 12 May 2026 14:00:32 GMT","content-type":"application/vnd.catalyst.v2+json","transfer-encoding":"chunked","connection":"keep-alive","x-content-type-options":"nosniff","cache-control":"private,no-cache,no-store,max-age=0,must-revalidate","pragma":"no-cache","expires":"Thu, 01 Jan 1970 00:00:00 GMT","x-frame-options":"DENY","strict-transport-security":"max-age=64072000; includeSubDomains; preload"}

[debug] [2026-05-12T14:00:32.230Z] : unknown eol undefined hence skipping check
[info] [2026-05-12T14:00:33.487Z] : [react-plugin]: Starting the development server...

[info] [2026-05-12T14:00:33.488Z] : 
[info] [2026-05-12T14:00:33.488Z] : ℹ Client[react-app]: Plugin : "zcatalyst-cli-plugin-react" is used for client serve
[info] [2026-05-12T14:00:33.488Z] : 
[info] [2026-05-12T14:00:33.983Z] : Skipping API Gateway rules
[info] [2026-05-12T14:00:33.984Z] : 
[info] [2026-05-12T14:00:33.984Z] :  >>>>>>>>>>>>> Advanced I/O <<<<<<<<<<< 
[info] [2026-05-12T14:00:33.984Z] : ℹ get-json: http://localhost:3000/server/get-json/
[info] [2026-05-12T14:00:33.984Z] : 
[info] [2026-05-12T14:00:33.984Z] : 
[info] [2026-05-12T14:00:33.984Z] :  >>>>>>>>>>>>> Web Client <<<<<<<<<<<<
[info] [2026-05-12T14:00:33.984Z] : ℹ client[react-app]: http://localhost:3000/app/
[info] [2026-05-12T14:00:33.984Z] : 
[info] [2026-05-12T14:00:34.410Z] : [1778594434410]  "GET"  "/app/upload"
[info] [2026-05-12T14:00:35.025Z] : [react-plugin]: Compiled successfully!
[info] [2026-05-12T14:00:35.025Z] : [react-plugin]: 
[info] [2026-05-12T14:00:35.025Z] : [react-plugin]: You can now view react-app in the browser.
[info] [2026-05-12T14:00:35.025Z] : [react-plugin]: 
[info] [2026-05-12T14:00:35.025Z] : [react-plugin]:   Local:            http://localhost:3000/app/
[info] [2026-05-12T14:00:35.025Z] : [react-plugin]:   On Your Network:  http://192.168.20.89:3000/app/
[info] [2026-05-12T14:00:35.025Z] : [react-plugin]: 
[info] [2026-05-12T14:00:35.025Z] : [react-plugin]: Note that the development build is not optimized.
[info] [2026-05-12T14:00:35.025Z] : [react-plugin]: To create a production build, use npm run build.
[info] [2026-05-12T14:00:35.025Z] : [react-plugin]: 
[info] [2026-05-12T14:00:35.115Z] : [1778594435114]  "GET"  "/app/static/js/bundle.js"
[info] [2026-05-12T14:00:35.116Z] : [1778594435116]  "GET"  "/app/manifest.json"
[info] [2026-05-12T14:00:35.263Z] : [1778594435263]  "GET"  "/app/favicon.ico"
[info] [2026-05-12T14:00:35.264Z] : [1778594435264]  "GET"  "/app/logo192.png"
[info] [2026-05-12T14:00:35.267Z] : [1778594435267]  "GET"  "/app/favicon.svg"
[info] [2026-05-12T14:00:36.565Z] : [1778594436565]  "GET"  "/app/upload"
[info] [2026-05-12T14:00:36.590Z] : [1778594436590]  "GET"  "/app/static/js/bundle.js"
[info] [2026-05-12T14:00:36.592Z] : [1778594436591]  "GET"  "/app/manifest.json"
[info] [2026-05-12T14:00:36.679Z] : [1778594436679]  "GET"  "/app/favicon.ico"
[info] [2026-05-12T14:00:36.682Z] : [1778594436682]  "GET"  "/app/logo192.png"
[info] [2026-05-12T14:00:36.683Z] : [1778594436683]  "GET"  "/app/favicon.svg"
[info] [2026-05-12T14:00:39.720Z] : [1778594439719]  "POST"  "/server/get-json/upload-wealth"
[info] [2026-05-12T14:01:27.999Z] : 
change of index.js in get-json detected. Preparing your function, please wait...
[info] [2026-05-12T14:01:28.628Z] : ℹ AdvancedIO[get-json]: ready!
[info] [2026-05-12T14:01:28.628Z] : ℹ AdvancedIO[get-json]: http://localhost:3000/server/get-json/
[info] [2026-05-12T14:01:43.445Z] : 
change of index.js in get-json detected. Preparing your function, please wait...
[info] [2026-05-12T14:01:44.058Z] : ℹ AdvancedIO[get-json]: ready!
[info] [2026-05-12T14:01:44.058Z] : ℹ AdvancedIO[get-json]: http://localhost:3000/server/get-json/
[info] [2026-05-12T14:01:55.250Z] : 
change of index.js in get-json detected. Preparing your function, please wait...
[info] [2026-05-12T14:01:55.836Z] : ℹ AdvancedIO[get-json]: ready!
[info] [2026-05-12T14:01:55.836Z] : ℹ AdvancedIO[get-json]: http://localhost:3000/server/get-json/
[info] [2026-05-12T14:02:16.445Z] : 
change of index.js in get-json detected. Preparing your function, please wait...
[info] [2026-05-12T14:02:17.066Z] : ℹ AdvancedIO[get-json]: ready!
[info] [2026-05-12T14:02:17.066Z] : ℹ AdvancedIO[get-json]: http://localhost:3000/server/get-json/
[info] [2026-05-12T14:02:45.344Z] : [1778594565344]  "GET"  "/app/upload"
[info] [2026-05-12T14:02:45.368Z] : [1778594565368]  "GET"  "/app/static/js/bundle.js"
[info] [2026-05-12T14:02:45.369Z] : [1778594565369]  "GET"  "/app/manifest.json"
[info] [2026-05-12T14:02:45.398Z] : [1778594565398]  "GET"  "/app/favicon.ico"
[info] [2026-05-12T14:02:45.400Z] : [1778594565400]  "GET"  "/app/logo192.png"
[info] [2026-05-12T14:02:45.404Z] : [1778594565404]  "GET"  "/app/favicon.svg"
[info] [2026-05-12T14:02:49.248Z] : [1778594569248]  "POST"  "/server/get-json/upload-wealth"
[info] [2026-05-12T14:02:55.833Z] : [1778594575833]  "GET"  "/server/get-json/?id=WEALTH_MAR_2026"
[info] [2026-05-12T14:02:55.835Z] : [1778594575835]  "GET"  "/app/favicon.ico"
[info] [2026-05-12T14:02:55.937Z] : [1778594575937]  "GET"  "/server/get-json/?id=WEALTH_MAR_2026"
[info] [2026-05-12T14:02:58.696Z] : [1778594578696]  "GET"  "/app/favicon.ico"
[info] [2026-05-12T14:04:45.577Z] : 
change of index.js in get-json detected. Preparing your function, please wait...
[info] [2026-05-12T14:04:46.203Z] : ℹ AdvancedIO[get-json]: ready!
[info] [2026-05-12T14:04:46.204Z] : ℹ AdvancedIO[get-json]: http://localhost:3000/server/get-json/
[info] [2026-05-12T14:05:00.905Z] : 
change of index.js in get-json detected. Preparing your function, please wait...
[info] [2026-05-12T14:05:01.479Z] : ℹ AdvancedIO[get-json]: ready!
[info] [2026-05-12T14:05:01.479Z] : ℹ AdvancedIO[get-json]: http://localhost:3000/server/get-json/
[info] [2026-05-12T14:05:10.176Z] : [react-plugin]: Compiling...
[info] [2026-05-12T14:05:11.527Z] : [react-plugin]: Compiled with warnings.

[info] [2026-05-12T14:05:11.527Z] : [react-plugin]: [eslint] 
src/InCredDashboard.jsx
  Line 120:10:  'fabOpen' is assigned a value but never used  no-unused-vars
[info] [2026-05-12T14:05:11.527Z] : [react-plugin]: 
Search for the keywords to learn more about each warning.
[info] [2026-05-12T14:05:11.527Z] : [react-plugin]: To ignore, add // eslint-disable-next-line to the line before.

[info] [2026-05-12T14:05:11.576Z] : [1778594711576]  "GET"  "/app/main.fc17c8fa1f565d453630.hot-update.json"
[info] [2026-05-12T14:05:11.577Z] : [1778594711577]  "GET"  "/app/main.fc17c8fa1f565d453630.hot-update.json"
[info] [2026-05-12T14:05:11.583Z] : [1778594711583]  "GET"  "/app/main.fc17c8fa1f565d453630.hot-update.js"
[info] [2026-05-12T14:05:11.584Z] : [1778594711584]  "GET"  "/app/main.fc17c8fa1f565d453630.hot-update.js"
[info] [2026-05-12T14:05:41.641Z] : [react-plugin]: Compiling...
[info] [2026-05-12T14:05:42.268Z] : [react-plugin]: Compiled with warnings.

[info] [2026-05-12T14:05:42.268Z] : [react-plugin]: [eslint] 
src/InCredDashboard.jsx
  Line 120:10:  'fabOpen' is assigned a value but never used  no-unused-vars
[info] [2026-05-12T14:05:42.268Z] : [react-plugin]: 
Search for the keywords to learn more about each warning.
[info] [2026-05-12T14:05:42.268Z] : [react-plugin]: To ignore, add // eslint-disable-next-line to the line before.

[info] [2026-05-12T14:05:42.293Z] : [1778594742293]  "GET"  "/app/main.bc3277dcda94420639f1.hot-update.json"
[info] [2026-05-12T14:05:42.294Z] : [1778594742294]  "GET"  "/app/main.bc3277dcda94420639f1.hot-update.json"
[info] [2026-05-12T14:05:42.299Z] : [1778594742299]  "GET"  "/app/main.bc3277dcda94420639f1.hot-update.js"
[info] [2026-05-12T14:05:42.301Z] : [1778594742301]  "GET"  "/app/main.bc3277dcda94420639f1.hot-update.js"
[info] [2026-05-12T14:05:59.316Z] : 
change of index.js in get-json detected. Preparing your function, please wait...
[info] [2026-05-12T14:05:59.939Z] : ℹ AdvancedIO[get-json]: ready!
[info] [2026-05-12T14:05:59.940Z] : ℹ AdvancedIO[get-json]: http://localhost:3000/server/get-json/
[info] [2026-05-12T14:06:31.370Z] : [1778594791369]  "POST"  "/server/get-json/upload-wealth"
[info] [2026-05-12T14:06:36.342Z] : [1778594796342]  "GET"  "/server/get-json/?id=WEALTH_MAR_2026"
[info] [2026-05-12T14:06:36.344Z] : [1778594796344]  "GET"  "/app/favicon.ico"
[info] [2026-05-12T14:06:36.403Z] : [1778594796403]  "GET"  "/server/get-json/?id=WEALTH_MAR_2026"
[info] [2026-05-12T14:07:24.229Z] : [1778594844228]  "GET"  "/app/WEALTH_2026"
[info] [2026-05-12T14:07:24.259Z] : [1778594844259]  "GET"  "/app/static/js/bundle.js"
[info] [2026-05-12T14:07:24.260Z] : [1778594844260]  "GET"  "/app/manifest.json"
[info] [2026-05-12T14:07:24.394Z] : [1778594844394]  "GET"  "/server/get-json/?id=WEALTH_2026"
[info] [2026-05-12T14:07:24.395Z] : [1778594844395]  "GET"  "/app/favicon.ico"
[info] [2026-05-12T14:07:24.395Z] : [1778594844395]  "GET"  "/app/logo192.png"
[info] [2026-05-12T14:07:24.535Z] : [1778594844535]  "GET"  "/server/get-json/?id=WEALTH_2026"
[info] [2026-05-12T14:08:07.650Z] : 
change of index.js in get-json detected. Preparing your function, please wait...
[info] [2026-05-12T14:08:08.379Z] : ℹ AdvancedIO[get-json]: ready!
[info] [2026-05-12T14:08:08.380Z] : ℹ AdvancedIO[get-json]: http://localhost:3000/server/get-json/
[info] [2026-05-12T14:08:20.268Z] : 
change of index.js in get-json detected. Preparing your function, please wait...
[info] [2026-05-12T14:08:20.877Z] : ℹ AdvancedIO[get-json]: ready!
[info] [2026-05-12T14:08:20.877Z] : ℹ AdvancedIO[get-json]: http://localhost:3000/server/get-json/
[info] [2026-05-12T14:09:30.303Z] : [1778594970302]  "GET"  "/app/WEALTH_2026"
[info] [2026-05-12T14:09:30.331Z] : [1778594970331]  "GET"  "/app/static/js/bundle.js"
[info] [2026-05-12T14:09:30.335Z] : [1778594970335]  "GET"  "/app/manifest.json"
[info] [2026-05-12T14:09:30.380Z] : [1778594970380]  "GET"  "/server/get-json/?id=WEALTH_2026"
[info] [2026-05-12T14:09:30.381Z] : [1778594970381]  "GET"  "/app/favicon.ico"
[info] [2026-05-12T14:09:30.383Z] : [1778594970382]  "GET"  "/app/logo192.png"
[info] [2026-05-12T14:09:30.390Z] : [1778594970390]  "GET"  "/app/favicon.svg"
[info] [2026-05-12T14:09:31.465Z] : [1778594971465]  "GET"  "/server/get-json/?id=WEALTH_2026"
[info] [2026-05-12T14:09:32.142Z] : [1778594972142]  "GET"  "/server/get-json/?id=WEALTH_MAR_2026"
[info] [2026-05-12T14:09:32.143Z] : [1778594972143]  "GET"  "/app/favicon.ico"
[info] [2026-05-12T14:09:32.144Z] : [1778594972144]  "GET"  "/app/manifest.json"
[info] [2026-05-12T14:09:32.148Z] : [1778594972148]  "GET"  "/app/logo192.png"
[info] [2026-05-12T14:09:32.575Z] : [1778594972575]  "GET"  "/server/get-json/?id=WEALTH_MAR_2026"
[info] [2026-05-12T14:10:11.094Z] : [1778595011093]  "GET"  "/app/favicon.ico"
[info] [2026-05-12T14:15:07.821Z] : [1778595307818]  "GET"  "/app/WEALTH_MAR_2026"
[info] [2026-05-12T14:15:07.847Z] : [1778595307846]  "GET"  "/app/static/js/bundle.js"
[info] [2026-05-12T14:15:07.855Z] : [1778595307854]  "GET"  "/app/manifest.json"
[info] [2026-05-12T14:15:07.899Z] : [1778595307898]  "GET"  "/app/favicon.ico"
[info] [2026-05-12T14:15:07.900Z] : [1778595307900]  "GET"  "/server/get-json/?id=WEALTH_MAR_2026"
[info] [2026-05-12T14:15:07.901Z] : [1778595307901]  "GET"  "/app/logo192.png"
[info] [2026-05-12T14:15:07.906Z] : [1778595307906]  "GET"  "/app/favicon.svg"
[info] [2026-05-12T14:15:08.461Z] : [1778595308460]  "GET"  "/server/get-json/?id=WEALTH_MAR_2026"
[info] [2026-05-12T14:15:28.600Z] : [1778595328600]  "GET"  "/app/favicon.ico"
[info] [2026-05-12T14:45:47.092Z] : [1778597147088]  "GET"  "/app/WEALTH_MAR_2026"
[debug] [2026-05-12T14:45:47.103Z] : > refreshing access token <
[debug] [2026-05-12T14:45:47.114Z] : >>>> HTTP REQUEST : POST https://accounts.zoho.in/oauth/v2/token 
<request body omitted>

[debug] [2026-05-12T14:45:47.271Z] : <<<< HTTP RESPONSE : 200
Response Headers: {"server":"ZGS","date":"Tue, 12 May 2026 14:45:47 GMT","content-type":"application/json;charset=UTF-8","content-length":"2523","connection":"keep-alive","cache-control":"no-store","x-content-type-options":"nosniff","pragma":"no-cache","x-frame-options":"SAMEORIGIN","vary":"accept-encoding","content-language":"en-US","strict-transport-security":"max-age=64072000; includeSubDomains; preload"}

[info] [2026-05-12T14:45:47.296Z] : [1778597147296]  "GET"  "/app/static/js/bundle.js"
[info] [2026-05-12T14:45:47.297Z] : [1778597147297]  "GET"  "/app/manifest.json"
[info] [2026-05-12T14:45:47.317Z] : [1778597147317]  "GET"  "/app/favicon.ico"
[info] [2026-05-12T14:45:47.318Z] : [1778597147318]  "GET"  "/server/get-json/?id=WEALTH_MAR_2026"
[info] [2026-05-12T14:45:47.319Z] : [1778597147319]  "GET"  "/app/logo192.png"
[info] [2026-05-12T14:45:47.323Z] : [1778597147323]  "GET"  "/app/favicon.svg"
[info] [2026-05-12T14:45:47.788Z] : [1778597147787]  "GET"  "/server/get-json/?id=WEALTH_MAR_2026"
[info] [2026-05-12T14:46:16.811Z] : [1778597176811]  "GET"  "/app/favicon.ico"
[info] [2026-05-12T14:47:57.194Z] : [react-plugin]: Compiling...
[info] [2026-05-12T14:47:57.987Z] : [react-plugin]: Compiled with warnings.

[info] [2026-05-12T14:47:57.987Z] : [react-plugin]: [eslint] 
src/InCredDashboard.jsx
  Line 120:10:  'fabOpen' is assigned a value but never used  no-unused-vars
[info] [2026-05-12T14:47:57.987Z] : [react-plugin]: 
Search for the keywords to learn more about each warning.
[info] [2026-05-12T14:47:57.987Z] : [react-plugin]: To ignore, add // eslint-disable-next-line to the line before.

[info] [2026-05-12T14:47:58.013Z] : [1778597278013]  "GET"  "/app/main.875c55de1eee9aad3ac4.hot-update.json"
[info] [2026-05-12T14:47:58.013Z] : [1778597278013]  "GET"  "/app/main.875c55de1eee9aad3ac4.hot-update.json"
[info] [2026-05-12T14:47:58.019Z] : [1778597278019]  "GET"  "/app/main.875c55de1eee9aad3ac4.hot-update.js"
[info] [2026-05-12T14:47:58.020Z] : [1778597278020]  "GET"  "/app/main.875c55de1eee9aad3ac4.hot-update.js"
[info] [2026-05-12T14:48:14.824Z] : [react-plugin]: Compiling...
[info] [2026-05-12T14:48:15.348Z] : [react-plugin]: Compiled with warnings.

[info] [2026-05-12T14:48:15.348Z] : [react-plugin]: [eslint] 
src/InCredDashboard.jsx
  Line 120:10:  'fabOpen' is assigned a value but never used  no-unused-vars
[info] [2026-05-12T14:48:15.348Z] : [react-plugin]: 
Search for the keywords to learn more about each warning.
[info] [2026-05-12T14:48:15.348Z] : [react-plugin]: To ignore, add // eslint-disable-next-line to the line before.

[info] [2026-05-12T14:48:15.373Z] : [1778597295373]  "GET"  "/app/main.5b24b53e233d1a8ae5a4.hot-update.json"
[info] [2026-05-12T14:48:15.374Z] : [1778597295374]  "GET"  "/app/main.5b24b53e233d1a8ae5a4.hot-update.json"
[info] [2026-05-12T14:48:15.378Z] : [1778597295378]  "GET"  "/app/main.5b24b53e233d1a8ae5a4.hot-update.js"
[info] [2026-05-12T14:48:15.378Z] : [1778597295378]  "GET"  "/app/main.5b24b53e233d1a8ae5a4.hot-update.js"
[info] [2026-05-12T14:48:30.546Z] : [react-plugin]: Compiling...
[info] [2026-05-12T14:48:31.137Z] : [react-plugin]: Compiled with warnings.

[info] [2026-05-12T14:48:31.137Z] : [react-plugin]: [eslint] 
src/InCredDashboard.jsx
  Line 120:10:  'fabOpen' is assigned a value but never used  no-unused-vars
[info] [2026-05-12T14:48:31.137Z] : [react-plugin]: 
Search for the keywords to learn more about each warning.
[info] [2026-05-12T14:48:31.137Z] : [react-plugin]: To ignore, add // eslint-disable-next-line to the line before.

[info] [2026-05-12T14:48:31.158Z] : [1778597311158]  "GET"  "/app/main.ff6b03f2fd9c8cff163c.hot-update.json"
[info] [2026-05-12T14:48:31.159Z] : [1778597311159]  "GET"  "/app/main.ff6b03f2fd9c8cff163c.hot-update.json"
[info] [2026-05-12T14:48:31.165Z] : [1778597311165]  "GET"  "/app/main.ff6b03f2fd9c8cff163c.hot-update.js"
[info] [2026-05-12T14:48:31.165Z] : [1778597311165]  "GET"  "/app/main.ff6b03f2fd9c8cff163c.hot-update.js"
[info] [2026-05-12T14:49:49.317Z] : [1778597389316]  "GET"  "/app/WEALTH_MAR_2026"
[info] [2026-05-12T14:49:49.352Z] : [1778597389352]  "GET"  "/app/static/js/bundle.js"
[info] [2026-05-12T14:49:49.352Z] : [1778597389352]  "GET"  "/app/manifest.json"
[info] [2026-05-12T14:49:49.482Z] : [1778597389482]  "GET"  "/app/favicon.ico"
[info] [2026-05-12T14:49:49.483Z] : [1778597389483]  "GET"  "/app/logo192.png"
[info] [2026-05-12T14:49:49.483Z] : [1778597389483]  "GET"  "/server/get-json/?id=WEALTH_MAR_2026"
[info] [2026-05-12T14:49:49.486Z] : [1778597389486]  "GET"  "/app/favicon.svg"
[info] [2026-05-12T14:49:49.936Z] : [1778597389935]  "GET"  "/server/get-json/?id=WEALTH_MAR_2026"
[info] [2026-05-12T14:50:02.567Z] : [1778597402567]  "GET"  "/app/favicon.ico"
